<?xml version="1.0" encoding="UTF-8"?>
<!-- Generated by org.testng.reporters.JUnitReportReporter -->
<testsuite hostname="0134695ee6b5" failures="0" tests="4" name="com.searchmodule.tests.SearchTest" time="11.877" errors="0" timestamp="2023-05-11T15:29:05 GMT" skipped="0">
  <testcase classname="com.searchmodule.tests.SearchTest" name="search" time="4.273"/>
  <system-out/>
  <testcase classname="com.searchmodule.tests.SearchTest" name="search" time="2.547"/>
  <system-out/>
  <testcase classname="com.searchmodule.tests.SearchTest" name="search" time="2.483"/>
  <system-out/>
  <testcase classname="com.searchmodule.tests.SearchTest" name="search" time="2.574"/>
  <system-out/>
</testsuite> <!-- com.searchmodule.tests.SearchTest -->
